<?xml version="1.0" encoding="UTF-8"?>
<testng-results skipped="0" failed="0" ignored="0" total="1" passed="1">
  <reporter-output>
  </reporter-output>
  <suite name="Suite" duration-ms="165" started-at="2020-04-24T06:02:28 IST" finished-at="2020-04-24T06:02:28 IST">
    <groups>
    </groups>
    <test name="Test" duration-ms="165" started-at="2020-04-24T06:02:28 IST" finished-at="2020-04-24T06:02:28 IST">
      <class name="Pratik.com.MavenTest">
        <test-method status="PASS" signature="testCase2()[pri:0, instance:Pratik.com.MavenTest@1b68ddbd]" name="testCase2" is-config="true" duration-ms="38" started-at="2020-04-24T06:02:28 IST" finished-at="2020-04-24T06:02:28 IST">
          <reporter-output>
          </reporter-output>
        </test-method> <!-- testCase2 -->
        <test-method status="PASS" signature="testCase1()[pri:0, instance:Pratik.com.MavenTest@1b68ddbd]" name="testCase1" duration-ms="22" started-at="2020-04-24T06:02:28 IST" finished-at="2020-04-24T06:02:28 IST">
          <reporter-output>
          </reporter-output>
        </test-method> <!-- testCase1 -->
        <test-method status="PASS" signature="testCase3()[pri:0, instance:Pratik.com.MavenTest@1b68ddbd]" name="testCase3" is-config="true" duration-ms="2" started-at="2020-04-24T06:02:28 IST" finished-at="2020-04-24T06:02:28 IST">
          <reporter-output>
          </reporter-output>
        </test-method> <!-- testCase3 -->
      </class> <!-- Pratik.com.MavenTest -->
    </test> <!-- Test -->
  </suite> <!-- Suite -->
</testng-results>
